<?xml version="1.0" encoding="UTF-8"?>
<!-- Generated by org.testng.reporters.JUnitReportReporter -->
<testsuite skipped="0" hostname="DESKTOP-5ES9H4M" name="test.LoginPage" tests="1" failures="0" timestamp="2020-09-12T23:40:21 IST" time="22.335" errors="0">
  <testcase name="testFireFox" time="22.335" classname="test.LoginPage"/>
  <system-out/>
</testsuite> <!-- test.LoginPage -->
